<?xml version="1.0" encoding="UTF-8"?>
<!-- Generated by org.testng.reporters.JUnitXMLReporter -->
<testsuite ignored="0" hostname="VinaDellXPS" failures="0" tests="4" name="PetUserTest" time="3.544" errors="0" timestamp="2024-10-28T12:24:47 CDT">
  <testcase classname="api.test.uservalidation" name="createusercheck" time="1.776"/>
  <testcase classname="api.test.uservalidation" name="deleteusercheck" time="0.29"/>
  <testcase classname="api.test.uservalidation" name="getusercheck" time="0.275"/>
  <testcase classname="api.test.uservalidation" name="updateusercheck" time="0.557"/>
</testsuite> <!-- PetUserTest -->
