<?xml version="1.0" encoding="UTF-8"?>
<testsuite xmlns:xsi="http://www.w3.org/2001/XMLSchema-instance" xsi:noNamespaceSchemaLocation="https://maven.apache.org/surefire/maven-surefire-plugin/xsd/surefire-test-report.xsd" version="3.0.2" name="TestSuite" time="5.4" tests="4" errors="0" skipped="0" failures="0">
  <properties>
[...]
</properties>
  <testcase name="createusercheck" classname="api.test.uservalidation" time="2.714">
    <system-out><![CDATA[Request method:	POST
Request URI:	https://petstore.swagger.io/v2/user
Proxy:			<none>
Request params:	<none>
Query params:	<none>
Form params:	<none>
Path params:	<none>
Headers:		Accept=application/json
				Content-Type=application/json
Cookies:		<none>
Multiparts:		<none>
Body:
{
    "id": 396283472,
    "username": "freda.zieme",
    "firstName": "Janeen",
    "lastName": "Weissnat",
    "email": "angelika.mckenzie@hotmail.com",
    "password": "uhoahn2f6",
    "phone": "669.786.5505",
    "userStatus": 0
}
HTTP/1.1 200 OK
Date: Mon, 28 Oct 2024 17:56:21 GMT
Content-Type: application/json
Transfer-Encoding: chunked
Connection: keep-alive
Access-Control-Allow-Origin: *
Access-Control-Allow-Methods: GET, POST, DELETE, PUT
Access-Control-Allow-Headers: Content-Type, api_key, Authorization
Server: Jetty(9.2.9.v20150224)

{
    "code": 200,
    "type": "unknown",
    "message": "396283472"
}
]]></system-out>
  </testcase>
  <testcase name="deleteusercheck" classname="api.test.uservalidation" time="0.311">
    <system-out><![CDATA[HTTP/1.1 200 OK
Date: Mon, 28 Oct 2024 17:56:22 GMT
Content-Type: application/json
Transfer-Encoding: chunked
Connection: keep-alive
Access-Control-Allow-Origin: *
Access-Control-Allow-Methods: GET, POST, DELETE, PUT
Access-Control-Allow-Headers: Content-Type, api_key, Authorization
Server: Jetty(9.2.9.v20150224)

{
    "id": 396283472,
    "username": "freda.zieme",
    "firstName": "Janeen",
    "lastName": "Weissnat",
    "email": "angelika.mckenzie@hotmail.com",
    "password": "uhoahn2f6",
    "phone": "669.786.5505",
    "userStatus": 0
}
]]></system-out>
  </testcase>
  <testcase name="getusercheck" classname="api.test.uservalidation" time="0.289">
    <system-out><![CDATA[Request method:	GET
Request URI:	https://petstore.swagger.io/v2/user/freda.zieme
Proxy:			<none>
Request params:	<none>
Query params:	<none>
Form params:	<none>
Path params:	username=freda.zieme
Headers:		Accept=application/json
				Content-Type=application/json
Cookies:		<none>
Multiparts:		<none>
Body:			<none>
HTTP/1.1 200 OK
Date: Mon, 28 Oct 2024 17:56:22 GMT
Content-Type: application/json
Transfer-Encoding: chunked
Connection: keep-alive
Access-Control-Allow-Origin: *
Access-Control-Allow-Methods: GET, POST, DELETE, PUT
Access-Control-Allow-Headers: Content-Type, api_key, Authorization
Server: Jetty(9.2.9.v20150224)

{
    "id": 396283472,
    "username": "freda.zieme",
    "firstName": "Janeen",
    "lastName": "Weissnat",
    "email": "angelika.mckenzie@hotmail.com",
    "password": "uhoahn2f6",
    "phone": "669.786.5505",
    "userStatus": 0
}
]]></system-out>
  </testcase>
  <testcase name="updateusercheck" classname="api.test.uservalidation" time="0.557">
    <system-out><![CDATA[Request method:	PUT
Request URI:	https://petstore.swagger.io/v2/user/freda.zieme
Proxy:			<none>
Request params:	<none>
Query params:	<none>
Form params:	<none>
Path params:	username=freda.zieme
Headers:		Accept=application/json
				Content-Type=application/json
Cookies:		<none>
Multiparts:		<none>
Body:
{
    "id": 396283472,
    "username": "freda.zieme",
    "firstName": "Janeen",
    "lastName": "Weissnat",
    "email": "romana.gutmann@hotmail.com",
    "password": "uhoahn2f6",
    "phone": "376-087-1616",
    "userStatus": 0
}
HTTP/1.1 200 OK
Date: Mon, 28 Oct 2024 17:56:22 GMT
Content-Type: application/json
Transfer-Encoding: chunked
Connection: keep-alive
Access-Control-Allow-Origin: *
Access-Control-Allow-Methods: GET, POST, DELETE, PUT
Access-Control-Allow-Headers: Content-Type, api_key, Authorization
Server: Jetty(9.2.9.v20150224)

{
    "code": 200,
    "type": "unknown",
    "message": "396283472"
}
Request method:	GET
Request URI:	https://petstore.swagger.io/v2/user/freda.zieme
Proxy:			<none>
Request params:	<none>
Query params:	<none>
Form params:	<none>
Path params:	username=freda.zieme
Headers:		Accept=application/json
				Content-Type=application/json
Cookies:		<none>
Multiparts:		<none>
Body:			<none>
]]></system-out>
  </testcase>
</testsuite>