<?xml version="1.0" encoding="UTF-8"?>
<testng-results ignored="0" total="4" passed="4" failed="0" skipped="0">
  <reporter-output>
  </reporter-output>
  <suite started-at="2024-10-28T12:24:43 CDT" name="PetStore" finished-at="2024-10-28T12:24:47 CDT" duration-ms="3544">
    <groups>
    </groups>
    <test started-at="2024-10-28T12:24:43 CDT" name="PetUserTest" finished-at="2024-10-28T12:24:47 CDT" duration-ms="3544">
      <class name="api.test.uservalidation">
        <test-method is-config="true" signature="setuserdata()[pri:0, instance:api.test.uservalidation@1d296da]" started-at="2024-10-28T12:24:43 CDT" name="setuserdata" finished-at="2024-10-28T12:24:44 CDT" duration-ms="607" status="PASS">
          <reporter-output>
          </reporter-output>
        </test-method> <!-- setuserdata -->
        <test-method signature="createusercheck()[pri:0, instance:api.test.uservalidation@1d296da]" started-at="2024-10-28T12:24:44 CDT" name="createusercheck" finished-at="2024-10-28T12:24:46 CDT" duration-ms="1776" status="PASS">
          <reporter-output>
          </reporter-output>
        </test-method> <!-- createusercheck -->
        <test-method signature="deleteusercheck()[pri:0, instance:api.test.uservalidation@1d296da]" started-at="2024-10-28T12:24:46 CDT" name="deleteusercheck" finished-at="2024-10-28T12:24:46 CDT" duration-ms="290" status="PASS">
          <reporter-output>
          </reporter-output>
        </test-method> <!-- deleteusercheck -->
        <test-method signature="getusercheck()[pri:0, instance:api.test.uservalidation@1d296da]" started-at="2024-10-28T12:24:46 CDT" name="getusercheck" finished-at="2024-10-28T12:24:46 CDT" duration-ms="275" status="PASS">
          <reporter-output>
          </reporter-output>
        </test-method> <!-- getusercheck -->
        <test-method signature="updateusercheck()[pri:0, instance:api.test.uservalidation@1d296da]" started-at="2024-10-28T12:24:46 CDT" name="updateusercheck" finished-at="2024-10-28T12:24:47 CDT" duration-ms="557" status="PASS">
          <reporter-output>
          </reporter-output>
        </test-method> <!-- updateusercheck -->
      </class> <!-- api.test.uservalidation -->
    </test> <!-- PetUserTest -->
  </suite> <!-- PetStore -->
</testng-results>
