<?xml version="1.0" encoding="UTF-8"?>
<!-- Generated by org.testng.reporters.JUnitXMLReporter -->
<testsuite ignored="0" hostname="VinaDellXPS" failures="0" tests="4" name="PetUserTest" time="4.83" errors="0" timestamp="2024-10-28T12:56:23 CDT">
  <testcase classname="api.test.uservalidation" name="createusercheck" time="2.713"/>
  <testcase classname="api.test.uservalidation" name="deleteusercheck" time="0.313"/>
  <testcase classname="api.test.uservalidation" name="getusercheck" time="0.287"/>
  <testcase classname="api.test.uservalidation" name="updateusercheck" time="0.561"/>
</testsuite> <!-- PetUserTest -->
